[10:28:03] [User Authenticator #1087/INFO]: UUID of player H0NG9963 is 15e8dc3d-2ddc-4093-b47b-5e5282bc9515
[10:28:03] [Server thread/INFO]: RED: 0 | BLUE: 1[m
[10:28:03] [Server thread/INFO]: server: 95 | H0NG9963: 5[m
[10:28:03] [Server thread/INFO]: H0NG9963[/59.24.129.243:51597] logged in with entity id 64396 at ([world]45.0, 3.0, -355.0)
[10:29:06] [User Authenticator #1088/INFO]: UUID of player alfred0122 is 6de5e418-7373-4f2c-bf8d-22b7a3536dfe
[10:29:06] [Server thread/INFO]: RED: 1 | BLUE: 1[m
[10:29:06] [Server thread/INFO]: server: 90 | alfred0122: 5[m
[10:29:06] [Server thread/INFO]: alfred0122[/221.140.140.124:5712] logged in with entity id 64409 at ([world]8.0, 3.0, -354.0)
[10:29:18] [Server thread/INFO]: H0NG9963 was slain by alfred0122
[10:29:23] [Server thread/INFO]: H0NG9963 died
[10:29:46] [Server thread/INFO]: H0NG9963 was slain by alfred0122
[10:30:16] [Server thread/INFO]: H0NG9963 has made the advancement [Take Aim]
[10:30:30] [Server thread/INFO]: alfred0122 was shot by H0NG9963
[10:30:40] [Server thread/INFO]: H0NG9963 was slain by alfred0122
[10:31:10] [Server thread/INFO]: H0NG9963 was slain by alfred0122
[10:31:23] [Server thread/INFO]: alfred0122 issued server command: /w H0NG9963 ¤¸¤±
[10:31:36] [Server thread/INFO]: alfred0122 issued server command: /w H0NG9963 Å¬¸¯ ¿¬¼ÓÀ¸·Î ÇÏ¸éµ¥¹ÌÁö
[10:31:42] [Server thread/INFO]: alfred0122 issued server command: /w H0NG9963 Àß ¾Èµé¾î°¡¿ä
[10:31:54] [Server thread/INFO]: alfred0122 issued server command: /w H0NG9963 Å¹Å¹Å¹Å¹ÀÌ ¾Æ´Ñ
[10:32:03] [Server thread/INFO]: alfred0122 issued server command: /w H0NG9963 Å¹ Å¹ Å¹
[10:32:13] [Server thread/INFO]: alfred0122 issued server command: /w H0NG9963 ‹š·ÁºÁ¿ä
[10:32:22] [Server thread/INFO]: alfred0122 was slain by H0NG9963
[10:32:28] [Server thread/INFO]: alfred0122 issued server command: /w H0NG9963 ¤·¤»?
[10:32:40] [Server thread/INFO]: H0NG9963 was slain by alfred0122
[10:32:47] [Server thread/INFO]: <[0;31;1malfred0122[0;37;1m> ¤¾¤·[m
[10:33:06] [Server thread/INFO]: H0NG9963 was slain by alfred0122
[10:33:20] [Server thread/INFO]: <[0;31;1malfred0122[0;37;1m> Èì[m
[10:33:21] [Server thread/INFO]: <[0;31;1malfred0122[0;37;1m> ±Â[m
[10:33:44] [Server thread/INFO]: H0NG9963 was slain by alfred0122
[10:33:50] [Server thread/INFO]: <[0;31;1malfred0122[0;37;1m> ÇãÇã[m
[10:34:03] [Server thread/INFO]: H0NG9963 was slain by alfred0122
[10:34:12] [Server thread/INFO]: H0NG9963 died
[10:34:38] [Server thread/INFO]: H0NG9963 was slain by alfred0122
[10:34:47] [Server thread/INFO]: <[0;31;1malfred0122[0;37;1m> ¿¹Ãø¼¦[m
[10:35:12] [Server thread/INFO]: H0NG9963 died
[10:35:20] [Server thread/INFO]: <[0;31;1malfred0122[0;37;1m> Å¸³ë½º[m
[10:35:59] [Server thread/INFO]: H0NG9963 was shot by alfred0122
[10:36:02] [Server thread/INFO]: H0NG9963 lost connection: Disconnected
[10:36:02] [Server thread/INFO]: RED: 1 | BLUE: 0[m
[10:36:02] [Server thread/INFO]: server: 81 | H0NG9963: 1[m
[10:36:02] [Server thread/INFO]: server: 82 | H0NG9963: 0[m
[10:36:02] [Server thread/INFO]: H0NG9963 quit from BLUE team
[10:36:08] [Server thread/INFO]: <[0;31;1malfred0122[0;37;1m> ¿Ö ³ª°¡[m
[10:36:23] [Server thread/INFO]: alfred0122 lost connection: Disconnected
[10:36:23] [Server thread/INFO]: RED: 0 | BLUE: 0[m
[10:36:23] [Server thread/INFO]: server: 82 | alfred0122: 18[m
[10:36:23] [Server thread/INFO]: server: 100 | alfred0122: 0[m
[10:36:23] [Server thread/INFO]: alfred0122 quit from RED team
[10:36:29] [User Authenticator #1089/INFO]: UUID of player H0NG9963 is 15e8dc3d-2ddc-4093-b47b-5e5282bc9515
[10:36:29] [Server thread/INFO]: RED: 1 | BLUE: 0[m
[10:36:29] [Server thread/INFO]: server: 95 | H0NG9963: 5[m
[10:36:29] [Server thread/INFO]: H0NG9963[/59.24.129.243:51882] logged in with entity id 64577 at ([world]21.6341218533658, 4.0, -343.14033533210454)
[10:37:27] [User Authenticator #1090/INFO]: UUID of player alfred0122 is 6de5e418-7373-4f2c-bf8d-22b7a3536dfe
[10:37:27] [Server thread/INFO]: RED: 1 | BLUE: 1[m
[10:37:27] [Server thread/INFO]: server: 90 | alfred0122: 5[m
[10:37:27] [Server thread/INFO]: alfred0122[/221.140.140.124:5745] logged in with entity id 64590 at ([world]45.0, 3.0, -355.0)
[10:37:28] [Server thread/INFO]: H0NG9963 issued server command: /chat
[10:37:38] [Server thread/INFO]: H0NG9963 was slain by alfred0122
[10:37:50] [Server thread/INFO]: alfred0122 issued server command: /
[10:38:03] [Server thread/INFO]: H0NG9963 was shot by alfred0122
[10:38:36] [Server thread/INFO]: alfred0122 lost connection: Internal Exception: java.io.IOException: ÇöÀç ¿¬°áÀº ¿ø°Ý È£½ºÆ®¿¡ ÀÇÇØ °­Á¦·Î ²÷°å½À´Ï´Ù
[10:38:36] [Server thread/INFO]: RED: 1 | BLUE: 0[m
[10:38:36] [Server thread/INFO]: server: 97 | alfred0122: 2[m
[10:38:36] [Server thread/INFO]: server: 98 | alfred0122: 0[m
[10:38:36] [Server thread/INFO]: alfred0122 quit from BLUE team
[10:40:05] [Server thread/INFO]: H0NG9963 lost connection: Disconnected
[10:40:05] [Server thread/INFO]: RED: 0 | BLUE: 0[m
[10:40:05] [Server thread/INFO]: server: 98 | H0NG9963: 2[m
[10:40:05] [Server thread/INFO]: server: 100 | H0NG9963: 0[m
[10:40:05] [Server thread/INFO]: H0NG9963 quit from RED team
[10:41:02] [User Authenticator #1091/INFO]: UUID of player alfred0122 is 6de5e418-7373-4f2c-bf8d-22b7a3536dfe
[10:41:02] [Server thread/INFO]: RED: 1 | BLUE: 0[m
[10:41:02] [Server thread/INFO]: server: 95 | alfred0122: 5[m
[10:41:02] [Server thread/INFO]: alfred0122[/221.140.140.124:5925] logged in with entity id 64652 at ([world]8.0, 3.0, -354.0)
[10:41:31] [Server thread/INFO]: alfred0122 lost connection: Disconnected
[10:41:31] [Server thread/INFO]: RED: 0 | BLUE: 0[m
[10:41:31] [Server thread/INFO]: server: 95 | alfred0122: 5[m
[10:41:31] [Server thread/INFO]: server: 100 | alfred0122: 0[m
[10:41:31] [Server thread/INFO]: alfred0122 quit from RED team
[11:06:42] [User Authenticator #1092/INFO]: UUID of player leejw5012 is d7ef703e-2252-41a4-a39d-be6dcfb7d3c8
[11:06:42] [Server thread/INFO]: RED: 1 | BLUE: 0[m
[11:06:42] [Server thread/INFO]: server: 95 | leejw5012: 5[m
[11:06:42] [Server thread/INFO]: leejw5012[/221.144.53.91:53622] logged in with entity id 64663 at ([world]8.0, 3.0, -354.0)
[11:07:55] [Server thread/INFO]: leejw5012 lost connection: Disconnected
[11:07:55] [Server thread/INFO]: RED: 0 | BLUE: 0[m
[11:07:55] [Server thread/INFO]: server: 95 | leejw5012: 5[m
[11:07:55] [Server thread/INFO]: server: 100 | leejw5012: 0[m
[11:07:55] [Server thread/INFO]: leejw5012 quit from RED team
[14:34:35] [User Authenticator #1093/INFO]: UUID of player sukchan is bf23270e-b313-4ffd-a5dd-c7c518614a5b
[14:34:35] [Server thread/INFO]: RED: 1 | BLUE: 0[m
[14:34:35] [Server thread/INFO]: server: 95 | sukchan: 5[m
[14:34:35] [Server thread/INFO]: sukchan[/116.121.139.80:49554] logged in with entity id 64744 at ([world]8.0, 3.0, -354.0)
[14:34:37] [Server thread/INFO]: sukchan lost connection: Disconnected
[14:34:37] [Server thread/INFO]: RED: 0 | BLUE: 0[m
[14:34:37] [Server thread/INFO]: server: 95 | sukchan: 5[m
[14:34:37] [Server thread/INFO]: server: 100 | sukchan: 0[m
[14:34:37] [Server thread/INFO]: sukchan quit from RED team
[18:57:24] [User Authenticator #1094/INFO]: UUID of player ThatKid123 is 92de689d-7161-4ef1-b4fa-0b5cafe4f3c7
[18:57:24] [Server thread/INFO]: RED: 0 | BLUE: 1[m
[18:57:24] [Server thread/INFO]: server: 95 | ThatKid123: 5[m
[18:57:24] [Server thread/INFO]: ThatKid123[/211.177.86.24:49948] logged in with entity id 64753 at ([world]45.0, 3.0, -355.0)
[18:57:42] [Server thread/INFO]: ThatKid123 lost connection: Disconnected
[18:57:42] [Server thread/INFO]: RED: 0 | BLUE: 0[m
[18:57:42] [Server thread/INFO]: server: 95 | ThatKid123: 5[m
[18:57:42] [Server thread/INFO]: server: 100 | ThatKid123: 0[m
[18:57:42] [Server thread/INFO]: ThatKid123 quit from BLUE team
[19:54:19] [User Authenticator #1095/INFO]: UUID of player LLLJH is ae5f2897-0b94-4aeb-94a1-e2f8ed4a9544
[19:54:19] [Server thread/INFO]: RED: 0 | BLUE: 1[m
[19:54:19] [Server thread/INFO]: server: 95 | LLLJH: 5[m
[19:54:19] [Server thread/INFO]: LLLJH[/119.71.133.137:54743] logged in with entity id 64756 at ([world]45.0, 3.0, -355.0)
[19:54:25] [Server thread/INFO]: LLLJH lost connection: Disconnected
[19:54:25] [Server thread/INFO]: RED: 0 | BLUE: 0[m
[19:54:25] [Server thread/INFO]: server: 95 | LLLJH: 5[m
[19:54:25] [Server thread/INFO]: server: 100 | LLLJH: 0[m
[19:54:25] [Server thread/INFO]: LLLJH quit from BLUE team
[20:04:19] [Server thread/INFO]: Stopping the server
[20:04:19] [Server thread/INFO]: Stopping server
[20:04:19] [Server thread/INFO]: [arong] Disabling arong v1.0
[20:04:19] [Server thread/INFO]: [WorldEdit] Disabling WorldEdit v6.1.9;caf0ad9
[20:04:19] [Server thread/INFO]: Saving players
[20:04:19] [Server thread/INFO]: Saving worlds
[20:04:19] [Server thread/INFO]: Saving chunks for level 'world'/overworld
[20:04:19] [Server thread/INFO]: Saving chunks for level 'world_nether'/the_nether
[20:04:19] [Server thread/INFO]: Saving chunks for level 'world_the_end'/the_end
